2025-07-31 17:57:08,221 - __main__ - INFO - File logging configured: ../logs\pipeline.log
2025-07-31 17:57:08,221 - __main__ - INFO - Directory structure created
2025-07-31 17:57:08,221 - __main__ - INFO - Pipeline initialized with ID: 20250731_175708
2025-07-31 17:57:08,221 - __main__ - INFO - Starting complete housing price prediction pipeline...
2025-07-31 17:57:08,221 - __main__ - INFO - ============================================================
2025-07-31 17:57:08,223 - __main__ - INFO - STEP 1: DATA PREPROCESSING
2025-07-31 17:57:08,223 - __main__ - INFO - ============================================================
2025-07-31 17:57:08,279 - __main__ - INFO - [SUCCESS] Preprocessing completed successfully
2025-07-31 17:57:08,280 - __main__ - INFO -   Original shape: (1620, 9)
2025-07-31 17:57:08,280 - __main__ - INFO -   Final shape: (1197, 9)
2025-07-31 17:57:08,280 - __main__ - INFO -   Rows removed: 423
2025-07-31 17:57:08,280 - __main__ - INFO - ============================================================
2025-07-31 17:57:08,280 - __main__ - INFO - STEP 2: FEATURE ENGINEERING
2025-07-31 17:57:08,280 - __main__ - INFO - ============================================================
2025-07-31 17:57:09,477 - __main__ - INFO - [SUCCESS] Feature engineering completed successfully
2025-07-31 17:57:09,477 - __main__ - INFO -   Original features: 45
2025-07-31 17:57:09,477 - __main__ - INFO -   Engineered features created: 35
2025-07-31 17:57:09,477 - __main__ - INFO -   Final features: 15
2025-07-31 17:57:09,477 - __main__ - INFO - ============================================================
2025-07-31 17:57:09,477 - __main__ - INFO - STEP 3: MODEL SELECTION & TRAINING
2025-07-31 17:57:09,477 - __main__ - INFO - ============================================================
2025-07-31 17:57:15,544 - __main__ - INFO - [SUCCESS] Model training completed successfully
2025-07-31 17:57:15,545 - __main__ - INFO -   Best model: ridge_tuned
2025-07-31 17:57:15,545 - __main__ - INFO -   Test RMSE: 88858.89
2025-07-31 17:57:15,545 - __main__ - INFO -   Test R²: 0.576
2025-07-31 17:57:15,545 - __main__ - INFO - ============================================================
2025-07-31 17:57:15,545 - __main__ - INFO - STEP 4: MODEL EVALUATION
2025-07-31 17:57:15,545 - __main__ - INFO - ============================================================
2025-07-31 17:57:18,538 - __main__ - INFO - [SUCCESS] Model evaluation completed successfully
2025-07-31 17:57:18,538 - __main__ - INFO -   RMSE: 88858.89
2025-07-31 17:57:18,538 - __main__ - INFO -   R²: 0.576
2025-07-31 17:57:18,538 - __main__ - INFO -   Plots created: 7
2025-07-31 17:57:18,538 - __main__ - INFO - ============================================================
2025-07-31 17:57:18,538 - __main__ - INFO - STEP 5: DEPLOYMENT & MONITORING
2025-07-31 17:57:18,538 - __main__ - INFO - ============================================================
2025-07-31 17:57:18,563 - __main__ - INFO - [SUCCESS] Deployment completed successfully
2025-07-31 17:57:18,563 - __main__ - INFO -   Model deployed to: ../deployment
2025-07-31 17:57:18,563 - __main__ - INFO -   Monitoring enabled: True
2025-07-31 17:57:18,579 - __main__ - INFO - Pipeline results saved to: ../reports\pipeline_results_20250731_175708.json
2025-07-31 17:57:18,579 - __main__ - INFO - ============================================================
2025-07-31 17:57:18,579 - __main__ - INFO - PIPELINE EXECUTION COMPLETED
2025-07-31 17:57:18,579 - __main__ - INFO - ============================================================
2025-07-31 17:57:18,580 - __main__ - INFO - Total execution time: 0:00:10.358040
2025-07-31 17:57:18,580 - __main__ - INFO - Successful steps: 5/5
